
=== Sat Nov 29 11:18:40 2025

Packages were changed.
Update Mode: mergeDefaultDependencies

The following packages were added:
  com.unity.modules.ai@1.0.0
  com.unity.modules.androidjni@1.0.0
  com.unity.modules.animation@1.0.0
  com.unity.modules.assetbundle@1.0.0
  com.unity.modules.audio@1.0.0
  com.unity.modules.cloth@1.0.0
  com.unity.modules.director@1.0.0
  com.unity.modules.imageconversion@1.0.0
  com.unity.modules.imgui@1.0.0
  com.unity.modules.jsonserialize@1.0.0
  com.unity.modules.particlesystem@1.0.0
  com.unity.modules.physics@1.0.0
  com.unity.modules.physics2d@1.0.0
  com.unity.modules.screencapture@1.0.0
  com.unity.modules.terrain@1.0.0
  com.unity.modules.terrainphysics@1.0.0
  com.unity.modules.tilemap@1.0.0
  com.unity.modules.ui@1.0.0
  com.unity.modules.uielements@1.0.0
  com.unity.modules.umbra@1.0.0
  com.unity.modules.unityanalytics@1.0.0
  com.unity.modules.unitywebrequest@1.0.0
  com.unity.modules.unitywebrequestassetbundle@1.0.0
  com.unity.modules.unitywebrequestaudio@1.0.0
  com.unity.modules.unitywebrequesttexture@1.0.0
  com.unity.modules.unitywebrequestwww@1.0.0
  com.unity.modules.vehicles@1.0.0
  com.unity.modules.video@1.0.0
  com.unity.modules.vr@1.0.0
  com.unity.modules.wind@1.0.0
  com.unity.modules.xr@1.0.0
  com.unity.modules.accessibility@1.0.0
  com.unity.multiplayer.center@1.0.0
The following packages were updated:
  com.unity.collab-proxy from version 2.3.1 to 2.10.0
  com.unity.timeline from version 1.8.6 to 1.8.9
  com.unity.visualscripting from version 1.9.2 to 1.9.8
  com.unity.inputsystem from version 1.12.0 to 1.14.2

=== Sun Nov 30 19:42:59 2025

Packages were changed.
Update Mode: updateDependencies

The following packages were updated:
  com.unity.collab-proxy from version 1.14.9 to 2.10.0
  com.unity.ide.rider from version 1.2.1 to 3.0.38
  com.unity.ide.visualstudio from version 2.0.12 to 2.0.25
  com.unity.test-framework from version 1.1.29 to 1.6.0
  com.unity.timeline from version 1.2.18 to 1.8.9
  com.unity.ugui from version 1.0.0 to 2.0.0
The following packages were removed:
  com.unity.textmeshpro@2.1.6

=== Sun Nov 30 19:42:59 2025

Packages were changed.
Update Mode: mergeDefaultDependencies

The following packages were added:
  com.unity.ide.rider@3.0.38
  com.unity.ide.visualstudio@2.0.25
  com.unity.ide.vscode@1.2.4
  com.unity.test-framework@1.6.0

=== Wed Dec  3 00:42:05 2025

Packages were changed.
Update Mode: updateDependencies

The following packages were updated:
  com.unity.collab-proxy from version 1.14.9 to 2.10.0
  com.unity.ide.rider from version 1.2.1 to 3.0.38
  com.unity.ide.visualstudio from version 2.0.12 to 2.0.25
  com.unity.test-framework from version 1.1.29 to 1.6.0
  com.unity.timeline from version 1.2.18 to 1.8.9
  com.unity.ugui from version 1.0.0 to 2.0.0
The following packages were removed:
  com.unity.textmeshpro@2.1.6

=== Wed Dec  3 00:42:06 2025

Packages were changed.
Update Mode: mergeDefaultDependencies

The following packages were added:
  com.unity.ide.vscode@1.2.4
